<?xml version="1.0" encoding="UTF-8"?>
<!-- Generated by org.testng.reporters.JUnitXMLReporter -->
<testsuite hostname="CGI-D33403" name="Default test" tests="4" failures="0" timestamp="14 Feb 2017 01:08:40 GMT" time="16.196" errors="0">
  <testcase name="DisallowLogin_EmptyPassword" time="0.504" classname="com.ChildWelfare.Testcases.Sprint1.TC02_Disallow_Login"/>
  <testcase name="DisallowLogin_EmptyUserNamePassword" time="0.292" classname="com.ChildWelfare.Testcases.Sprint1.TC02_Disallow_Login"/>
  <testcase name="DisallowLogin_EmptyUsername" time="0.292" classname="com.ChildWelfare.Testcases.Sprint1.TC02_Disallow_Login"/>
  <testcase name="DisallowLogin_UnregisterUser" time="0.335" classname="com.ChildWelfare.Testcases.Sprint1.TC02_Disallow_Login"/>
</testsuite> <!-- Default test -->
