<?xml version="1.0" encoding="UTF-8"?>
<!-- Generated by org.testng.reporters.JUnitXMLReporter -->
<testsuite hostname="CGI-D33403" name="LoginScenarios" tests="5" failures="0" timestamp="14 Feb 2017 01:15:53 GMT" time="19.924" errors="0">
  <testcase name="AllowsLogin_Sucess" time="0.538" classname="com.ChildWelfare.Testcases.Sprint1.TC01_AllowLogin"/>
  <testcase name="DisallowLogin_EmptyPassword" time="0.305" classname="com.ChildWelfare.Testcases.Sprint1.TC02_Disallow_Login"/>
  <testcase name="DisallowLogin_EmptyUserNamePassword" time="0.275" classname="com.ChildWelfare.Testcases.Sprint1.TC02_Disallow_Login"/>
  <testcase name="DisallowLogin_EmptyUsername" time="0.266" classname="com.ChildWelfare.Testcases.Sprint1.TC02_Disallow_Login"/>
  <testcase name="DisallowLogin_UnregisterUser" time="0.302" classname="com.ChildWelfare.Testcases.Sprint1.TC02_Disallow_Login"/>
</testsuite> <!-- LoginScenarios -->
